Deploying function (may take a while - up to 2 minutes)...
..
For Cloud Build Stackdriver Logs, visit: https://console.cloud.google.com/logs/viewer?project=janium0-0&advancedFilter=resource.type%3Dbuild%0Aresource.labels.build_id%3D402f8310-3212-4107-a2c3-9122aad028a2%0AlogName%3Dprojects%2Fjanium0-0%2Flogs%2Fcloudbuild
availableMemoryMb: 256
buildId: 402f8310-3212-4107-a2c3-9122aad028a2
entryPoint: main
environmentVariables:
  CONNECTION_NAME: janium0-0:us-central1:janium-mysql0-0
  DB_NAME: janiumProd
  DB_PORT: '3306'
  DB_USER: gcf
  DRIVER_NAME: mysql+pymysql
  IS_CLOUD: 'True'
  TRACKER_URL: https://us-central1-janium0-0.cloudfunctions.net/track-email-function
eventTrigger:
  eventType: google.pubsub.topic.publish
  failurePolicy: {}
  resource: projects/janium0-0/topics/poll-webhook-topic
  service: pubsub.googleapis.com
ingressSettings: ALLOW_ALL
labels:
  deployment-tool: cli-gcloud
name: projects/janium0-0/locations/us-central1/functions/poll-webhook-function
runtime: python38
serviceAccountEmail: janium0-0@appspot.gserviceaccount.com
sourceUploadUrl: https://storage.googleapis.com/gcf-upload-us-central1-3cf48c95-c05e-4070-bb22-83e0fda85072/adf9a60a-e006-42c7-a41e-74be77ff6af1.zip?GoogleAccessId=service-419301650659@gcf-admin-robot.iam.gserviceaccount.com&Expires=1606852868&Signature=bDlY47%2FLChGiflXY30Pj%2BI%2BJ%2FDxuVnCM0ENv2%2BUJt96BY8SQgwpsqMR%2FV4jzYu4%2BTh6UQ6Xb47LHrOK9NjYU%2BuITCMuDr%2Fwaq%2BSuaRc%2FqZpsMfaAuRpFgqdyavTvhbWVLaL%2BtBXz0P6YWKQg%2FALZzuUmPGHwX57PgCATChcBtjKOtUbJ1qTUl5VDlKElOPRZ6urWoHHk5d9jntXOJZv8MfMla5U%2BBHFQMCpUfzVIkxnhIUzfJ3qWKkbsg3iXOfSuLL%2FrU4BvvyIsuF1HBzX3UsyZGYEGFkLpa8PViXG63xqjLe4NkFmd%2B7LUnlIrz3QtU3M3NFEk6Ii7QOa2ORLjVA%3D%3D
status: ACTIVE
timeout: 539s
updateTime: '2020-12-01T19:32:06.207Z'
versionId: '15'
vpcConnector: janium-vpc-connector
vpcConnectorEgressSettings: PRIVATE_RANGES_ONLY
..................................done.
Deploying function (may take a while - up to 2 minutes)...
..
For Cloud Build Stackdriver Logs, visit: https://console.cloud.google.com/logs/viewer?project=janium0-0&advancedFilter=resource.type%3Dbuild%0Aresource.labels.build_id%3D0decdc89-16c8-45f2-86be-789be2ebbe57%0AlogName%3Dprojects%2Fjanium0-0%2Flogs%2Fcloudbuild
availableMemoryMb: 256
buildId: 0decdc89-16c8-45f2-86be-789be2ebbe57
entryPoint: main
environmentVariables:
  CONNECTION_NAME: janium0-0:us-central1:janium-mysql0-0
  DB_NAME: janiumProd
  DB_PORT: '3306'
  DB_USER: gcf
  DRIVER_NAME: mysql+pymysql
  IS_CLOUD: 'True'
  TRACKER_URL: https://us-central1-janium0-0.cloudfunctions.net/track-email-function
eventTrigger:
  eventType: google.pubsub.topic.publish
  failurePolicy: {}
  resource: projects/janium0-0/topics/poll-webhook-topic
  service: pubsub.googleapis.com
ingressSettings: ALLOW_ALL
labels:
  deployment-tool: cli-gcloud
name: projects/janium0-0/locations/us-central1/functions/poll-webhook-function
runtime: python38
serviceAccountEmail: janium0-0@appspot.gserviceaccount.com
sourceUploadUrl: https://storage.googleapis.com/gcf-upload-us-central1-3cf48c95-c05e-4070-bb22-83e0fda85072/3d2f11b0-d0bd-43a9-ace3-ecbaeac927c1.zip?GoogleAccessId=service-419301650659@gcf-admin-robot.iam.gserviceaccount.com&Expires=1606869278&Signature=XBvhcMGk174MQcT1eJnLklQmIPU%2FPjEmxq8rlQzHDa4nxJjx3aEUIinfrS8Uz3W48kbvXKHV0uY3UIBesS99SUqne4244%2FericpAi%2B2r9OV8P1zANUrEs1J04w%2FXH9M5yYUGNKDiF9z73TNMOJtYihE7qo9167znAlodEFb5ba6jBNEuKRHI0Bw93svIcpoLzihXAb7KR70PNCiu%2F%2BexoKnStOCEyhLt6qyoPAolp6WSnjdCXPzMaTb7jD4BZHEN01lKzNF6JJBPGlWziXQqnkSUca3FLFsSqr%2B0I45rx9mGeMXZgxAptz7gtif0bx6Ask8xmo5oVKLXX05ynQBohw%3D%3D
status: ACTIVE
timeout: 539s
updateTime: '2020-12-02T00:06:05.213Z'
versionId: '18'
vpcConnector: janium-vpc-connector
vpcConnectorEgressSettings: PRIVATE_RANGES_ONLY
....................................................done.
Deploying function (may take a while - up to 2 minutes)...
..
For Cloud Build Stackdriver Logs, visit: https://console.cloud.google.com/logs/viewer?project=janium0-0&advancedFilter=resource.type%3Dbuild%0Aresource.labels.build_id%3D4b63325c-b421-46b8-a37a-470c11b797cd%0AlogName%3Dprojects%2Fjanium0-0%2Flogs%2Fcloudbuild
availableMemoryMb: 256
buildId: 4b63325c-b421-46b8-a37a-470c11b797cd
entryPoint: main
environmentVariables:
  CONNECTION_NAME: janium0-0:us-central1:janium-mysql0-0
  DB_NAME: janiumProd
  DB_PORT: '3306'
  DB_USER: gcf
  DRIVER_NAME: mysql+pymysql
  IS_CLOUD: 'True'
  TRACKER_URL: https://us-central1-janium0-0.cloudfunctions.net/track-email-function
eventTrigger:
  eventType: google.pubsub.topic.publish
  failurePolicy: {}
  resource: projects/janium0-0/topics/poll-webhook-topic
  service: pubsub.googleapis.com
ingressSettings: ALLOW_ALL
labels:
  deployment-tool: cli-gcloud
name: projects/janium0-0/locations/us-central1/functions/poll-webhook-function
runtime: python38
serviceAccountEmail: janium0-0@appspot.gserviceaccount.com
sourceUploadUrl: https://storage.googleapis.com/gcf-upload-us-central1-3cf48c95-c05e-4070-bb22-83e0fda85072/37348a92-9f0a-46ec-a5b8-16fdfea925f9.zip?GoogleAccessId=service-419301650659@gcf-admin-robot.iam.gserviceaccount.com&Expires=1606870319&Signature=d%2BEv%2BwDUhLF3GENSPfVmEAJrFAbuhfUfTMgEq8%2BpCh5WCMJ7vC5Q1Oh6E%2FU5h3bGgM3iYWOKHy%2BVhW7lNQe5IVlrpF97GqKGKKZyJgdOFdXMW62MdmwBszj3KyM%2F40lc85PC3KwI3jXbM9X%2FJOlQ%2FczSVRO6TeplxtEhpWXz1xRQEva9nd0l%2BrPMDesNFMiIeGbVYexX85m3z2wGvBVOFQz2FzpwMZKviUUn%2FI4tjsBIQsimfnfHsSGGvquZIiqtuHJgAbFOeud1IO%2FadT9YGP9oOG4X5GPuvfsg3e3b1Gy2OAs2ioTSnJC9%2BoGtvUHtsnkErNCiVI7HN2ES8U1Ofg%3D%3D
status: ACTIVE
timeout: 539s
updateTime: '2020-12-02T00:23:14.832Z'
versionId: '19'
vpcConnector: janium-vpc-connector
vpcConnectorEgressSettings: PRIVATE_RANGES_ONLY
...............................................done.
