Deploying function (may take a while - up to 2 minutes)...
..
For Cloud Build Stackdriver Logs, visit: https://console.cloud.google.com/logs/viewer?project=janium0-0&advancedFilter=resource.type%3Dbuild%0Aresource.labels.build_id%3D2fcc4089-48cd-4a59-8184-2fb0d399d417%0AlogName%3Dprojects%2Fjanium0-0%2Flogs%2Fcloudbuild
Deploying function (may take a while - up to 2 minutes)...
..
For Cloud Build Stackdriver Logs, visit: https://console.cloud.google.com/logs/viewer?project=janium0-0&advancedFilter=resource.type%3Dbuild%0Aresource.labels.build_id%3Dd4824865-2bf8-4d14-9f33-7a2ba61d1514%0AlogName%3Dprojects%2Fjanium0-0%2Flogs%2Fcloudbuild
availableMemoryMb: 256
buildId: d4824865-2bf8-4d14-9f33-7a2ba61d1514
entryPoint: main
environmentVariables:
  CONNECTION_NAME: janium0-0:us-central1:janium-mysql0-0
  DB_NAME: janiumProd
  DB_PORT: '3306'
  DB_USER: gcf
  DRIVER_NAME: mysql+pymysql
  IS_CLOUD: 'True'
  TRACKER_URL: https://us-central1-janium0-0.cloudfunctions.net/track-email-function
eventTrigger:
  eventType: google.pubsub.topic.publish
  failurePolicy: {}
  resource: projects/janium0-0/topics/send-daily-tasks-topic
  service: pubsub.googleapis.com
ingressSettings: ALLOW_ALL
labels:
  deployment-tool: cli-gcloud
name: projects/janium0-0/locations/us-central1/functions/send-daily-tasks-function
runtime: python38
serviceAccountEmail: janium0-0@appspot.gserviceaccount.com
sourceUploadUrl: https://storage.googleapis.com/gcf-upload-us-central1-3cf48c95-c05e-4070-bb22-83e0fda85072/ffbe98a6-e6be-48f7-b643-f357e85d9820.zip?GoogleAccessId=service-419301650659@gcf-admin-robot.iam.gserviceaccount.com&Expires=1606869632&Signature=MEiz%2B14XJt2lz78UvQQtA2mxn4o%2B2NtyjE3lLG4gVY5sJuDYJd05EJkbv5yJEj225KESbnxTvjeujhwGEnxs1nGV531%2FX1LvdX7Dzhy2veArV9NRYF748nxOL9imj%2BjhrZ0M7jW%2B4Qm6mJUFk9GJZPBjX%2BSmO3mXDttsyB0323hhkcia0Gyu%2BM6U7smbHEGIzCWbFK4DGWjycys%2FMdN7PT6vzsqvP6ZGjKW%2B7aw6lvABU%2BArVC86%2B%2Bs6yCdJgHqEfy953cVxalk6adUL3zaadyRewVA4qRc9Tv1%2FQdsAsnN7QhJDLFyOjRn1886aOXo1C3wJx3WcjWPNMn8g0A4crw%3D%3D
status: ACTIVE
timeout: 539s
updateTime: '2020-12-02T00:11:49.376Z'
versionId: '12'
vpcConnector: janium-vpc-connector
vpcConnectorEgressSettings: PRIVATE_RANGES_ONLY
..............................................done.
