Deploying function (may take a while - up to 2 minutes)...
..
For Cloud Build Stackdriver Logs, visit: https://console.cloud.google.com/logs/viewer?project=janium0-0&advancedFilter=resource.type%3Dbuild%0Aresource.labels.build_id%3Df7a4ce03-cbec-4c4c-ad7a-5346d98d9ac5%0AlogName%3Dprojects%2Fjanium0-0%2Flogs%2Fcloudbuild
Deploying function (may take a while - up to 2 minutes)...
..
For Cloud Build Stackdriver Logs, visit: https://console.cloud.google.com/logs/viewer?project=janium0-0&advancedFilter=resource.type%3Dbuild%0Aresource.labels.build_id%3D131102ee-e960-4546-81ce-6b2e5444c7b3%0AlogName%3Dprojects%2Fjanium0-0%2Flogs%2Fcloudbuild
availableMemoryMb: 256
buildId: 131102ee-e960-4546-81ce-6b2e5444c7b3
entryPoint: main
environmentVariables:
  CONNECTION_NAME: janium0-0:us-central1:janium-mysql0-0
  DB_NAME: janiumProd
  DB_PORT: '3306'
  DB_USER: gcf
  DRIVER_NAME: mysql+pymysql
  IS_CLOUD: 'True'
  TRACKER_URL: https://us-central1-janium0-0.cloudfunctions.net/track-email-function
eventTrigger:
  eventType: google.pubsub.topic.publish
  failurePolicy: {}
  resource: projects/janium0-0/topics/send-email-topic
  service: pubsub.googleapis.com
ingressSettings: ALLOW_ALL
labels:
  deployment-tool: cli-gcloud
name: projects/janium0-0/locations/us-central1/functions/send-email-function
runtime: python38
serviceAccountEmail: janium0-0@appspot.gserviceaccount.com
sourceUploadUrl: https://storage.googleapis.com/gcf-upload-us-central1-3cf48c95-c05e-4070-bb22-83e0fda85072/1e30aa30-ae57-49e1-bb03-8af7a4efcbae.zip?GoogleAccessId=service-419301650659@gcf-admin-robot.iam.gserviceaccount.com&Expires=1606869611&Signature=Bh2wsPfcYyuucXk7ffsc4wDfrvT3gNB2h7KLhwgpLwdUlBjddTtUeFkTStcUn54UZ9H6rIbLHvhlAHyvKOd9wdWG%2BrC6vMaim7GoKxKfFzKKzdbQcR9g9%2BnmiKib6Exy8FnmOS83T9j%2B5VSYqmEqtbR9rAdMYX88LlUNYwHJQNplGo%2BKC4G47by8j5kGGPwtZ7uWokx%2BpphFG0idknKMZ0vzy7V2sqY9BwIfuoXJUAB8tXK23bK4hYu2X2GRxnCRW9i2Ixx4zbtTqzYtfys95zVgY0S5TRrEikdTamoUG8CurwFZynxIrgfDfYvh73kwm6Ys0fwhhIpe40brMjJPmg%3D%3D
status: ACTIVE
timeout: 539s
updateTime: '2020-12-02T00:11:34.562Z'
versionId: '14'
vpcConnector: janium-vpc-connector
vpcConnectorEgressSettings: PRIVATE_RANGES_ONLY
.................................................done.
Deploying function (may take a while - up to 2 minutes)...
..
For Cloud Build Stackdriver Logs, visit: https://console.cloud.google.com/logs/viewer?project=janium0-0&advancedFilter=resource.type%3Dbuild%0Aresource.labels.build_id%3D75dcdd20-b5a9-4a6d-a14f-86a3eb0fceb2%0AlogName%3Dprojects%2Fjanium0-0%2Flogs%2Fcloudbuild
availableMemoryMb: 256
buildId: 75dcdd20-b5a9-4a6d-a14f-86a3eb0fceb2
entryPoint: main
environmentVariables:
  CONNECTION_NAME: janium0-0:us-central1:janium-mysql0-0
  DB_NAME: janiumProd
  DB_PORT: '3306'
  DB_USER: gcf
  DRIVER_NAME: mysql+pymysql
  IS_CLOUD: 'True'
  TRACKER_URL: https://us-central1-janium0-0.cloudfunctions.net/track-email-function
eventTrigger:
  eventType: google.pubsub.topic.publish
  failurePolicy: {}
  resource: projects/janium0-0/topics/send-email-topic
  service: pubsub.googleapis.com
ingressSettings: ALLOW_ALL
labels:
  deployment-tool: cli-gcloud
name: projects/janium0-0/locations/us-central1/functions/send-email-function
runtime: python38
serviceAccountEmail: janium0-0@appspot.gserviceaccount.com
sourceUploadUrl: https://storage.googleapis.com/gcf-upload-us-central1-3cf48c95-c05e-4070-bb22-83e0fda85072/bdecd9f8-fac7-4249-949a-755b31e43494.zip?GoogleAccessId=service-419301650659@gcf-admin-robot.iam.gserviceaccount.com&Expires=1606870314&Signature=9Yv6QdsAPTvopze%2FVTgPRUL5k%2Fn0cu2ZP5HON86pVev5leiA0M0rVCnoyz8SEQkBwj7amE8Z8fRdCZEQd%2FEzX5axjN4C%2Bs2FZVawmdOBJSbym9WQbNPl3xEYV65hsQ%2Buf6Nc5jIDQqb55iJtY%2B3lmaUPFL8b9wKVx5l50jAUoQqePHSHbtqIOT0dDJwpwjiSUbKTsoLvJZqqp04cTcavFTrJw8YdidCIPAdCM%2F4ud5bJPCFZkjbNYAEb1dSWZMv9zhacMmch%2FKU8Rxy4hBTI77WDOaS4vtdEeXxKlXGo9AkXa4UEy9U2qg%2F51WrDrUzsTgksB%2Fe%2BzduRMGbKclCsUA%3D%3D
status: ACTIVE
timeout: 539s
updateTime: '2020-12-02T00:23:12.710Z'
versionId: '15'
vpcConnector: janium-vpc-connector
vpcConnectorEgressSettings: PRIVATE_RANGES_ONLY
..............................................done.
